C51 COMPILER V9.60.7.0   FAN_PROJECT                                                       05/15/2026 12:25:33 PAGE 1   


C51 COMPILER V9.60.7.0, COMPILATION OF MODULE FAN_PROJECT
OBJECT MODULE PLACED IN .\Objects\fan_project.obj
COMPILER INVOKED BY: C:\Keil_v5\C51\BIN\C51.EXE fan_project.c OPTIMIZE(8,SPEED) BROWSE DEBUG OBJECTEXTEND PRINT(.\Listin
                    -gs\fan_project.lst) TABS(2) OBJECT(.\Objects\fan_project.obj)

line level    source

   1          #include <reg52.h>
   2          
   3          // --- ????? ??? Pins ?????? ---
   4          #define LCD P2
   5          sbit RS = P3^5;
   6          sbit EN_LCD = P3^7;
   7          
   8          sbit GREEN = P3^0;
   9          sbit RED   = P3^6; // ????? ??????? ???? ?????? ??????
  10          // P3.1 ????? ??? TX (????????) ????????
  11          
  12          sbit IN1 = P3^2;
  13          sbit IN2 = P3^3;
  14          sbit EN1 = P3^4; // PWM
  15          
  16          // --- ??????? ?????? ---
  17          unsigned char speed_val = '1'; 
  18          unsigned int runtime = 0;
  19          bit fan_running = 0;
  20          bit is_timer_mode = 0; // 0 = ????? ?????? 1 = ?????[cite: 8]
  21          
  22          // --- Prototypes ---
  23          void delay(unsigned int ms);
  24          void lcd_cmd(unsigned char cmd);
  25          void lcd_data(unsigned char dat);
  26          void lcd_string(char *str);
  27          void lcd_init();
  28          void uart_init();
  29          void uart_tx(char ch);
  30          void uart_msg(char *str);
  31          char keypad_scan();
  32          void motor_control();
  33          
  34          void main() {
  35   1          char key;
  36   1          uart_init(); // ????? ????????
  37   1          lcd_init();
  38   1          
  39   1          IN1 = 1; IN2 = 0; EN1 = 0;
  40   1          GREEN = 0; RED = 1;
  41   1          
  42   1          uart_msg("System Ready...\r\n"); // ????? ????? ??? ??????????
  43   1      
  44   1          while(1) {
  45   2              key = keypad_scan();
  46   2      
  47   2              if(key >= '1' && key <= '6') { // 6 ????? ????? ?????
  48   3                  speed_val = key;
  49   3                  is_timer_mode = 0; // ????? ??????? ??????? ???????
  50   3                  lcd_cmd(0x80); lcd_string("Speed Set: "); lcd_data(speed_val);
  51   3                  lcd_cmd(0xC0); lcd_string("Mode: Continuous");
  52   3                  uart_msg("Speed changed to: "); uart_tx(speed_val); uart_msg("\r\n");
  53   3              }
  54   2              else if(key == 'A' || key == 'B' || key == 'C') { // 3 ????? ?????
C51 COMPILER V9.60.7.0   FAN_PROJECT                                                       05/15/2026 12:25:33 PAGE 2   

  55   3                  is_timer_mode = 1;
  56   3                  if(key == 'A') { runtime = 500;  lcd_cmd(0xC0); lcd_string("Timer: 5 sec  ");  uart_msg("Timer
             -: 5s\r\n"); }
  57   3                  if(key == 'B') { runtime = 1000; lcd_cmd(0xC0); lcd_string("Timer: 10 sec "); uart_msg("Timer:
             - 10s\r\n"); }
  58   3                  if(key == 'C') { runtime = 1500; lcd_cmd(0xC0); lcd_string("Timer: 15 sec "); uart_msg("Timer:
             - 15s\r\n"); }
  59   3              }
  60   2              else if(key == '*') { // ?? ?????? ??? START (???? ??? C ??????)
  61   3                  fan_running = 1;
  62   3                  GREEN = 1; RED = 0;
  63   3                  lcd_cmd(0x01); lcd_string("Fan ON...");
  64   3                  uart_msg("Fan Started\r\n");
  65   3              }
  66   2              else if(key == 'D') { // STOP
  67   3                  fan_running = 0;
  68   3                  EN1 = 0; GREEN = 0; RED = 1;
  69   3                  lcd_cmd(0x01); lcd_string("Fan Stopped");
  70   3                  uart_msg("Fan Stopped Manually\r\n");
  71   3                  delay(500);
  72   3              }
  73   2      
  74   2              if(fan_running) {
  75   3                  motor_control(); 
  76   3                  if(is_timer_mode) { // ?? ?? ??? ???????? ???? ???? ????????[cite: 6]
  77   4                      if(runtime > 0) runtime--;
  78   4                      if(runtime == 0) {
  79   5                          fan_running = 0; EN1 = 0; GREEN = 0; RED = 1;
  80   5                          lcd_cmd(0x01); lcd_string("Time Up! Stop");
  81   5                          uart_msg("Fan Stopped: Time Expired\r\n");
  82   5                          delay(1000);
  83   5                      }
  84   4                  }
  85   3              }
  86   2          }
  87   1      }
  88          
  89          // --- ????? ???????? (UART) ---
  90          void uart_init() {
  91   1          TMOD = 0x20; // Timer 1, Mode 2 (8-bit auto-reload)
  92   1          TH1 = 0xFD;  // 9600 Baud rate @ 11.0592MHz
  93   1          SCON = 0x50; // 8-bit UART, enable receiver
  94   1          TR1 = 1;     // Start Timer
  95   1      }
  96          void uart_tx(char ch) {
  97   1          SBUF = ch;
  98   1          while(TI == 0);
  99   1          TI = 0;
 100   1      }
 101          void uart_msg(char *str) {
 102   1          while(*str) uart_tx(*str++);
 103   1      }
 104          
 105          // --- ????? ??? PWM ??? 6 ????? ---
 106          void motor_control() {
 107   1          unsigned char duty;
 108   1          // ????? ??????? ?? 6 ??????? (1-6)
 109   1          if(speed_val == '1') duty = 2;
 110   1          else if(speed_val == '2') duty = 4;
 111   1          else if(speed_val == '3') duty = 6;
 112   1          else if(speed_val == '4') duty = 7;
 113   1          else if(speed_val == '5') duty = 8;
C51 COMPILER V9.60.7.0   FAN_PROJECT                                                       05/15/2026 12:25:33 PAGE 3   

 114   1          else duty = 9; // ???? 6
 115   1      
 116   1          EN1 = 1; delay(duty);
 117   1          EN1 = 0; delay(10 - duty);
 118   1      }
 119          
 120          // --- ????? ??? LCD ???? Keypad ???? Delay (??? ??) ---
 121          void lcd_cmd(unsigned char cmd) {
 122   1          LCD = cmd; RS = 0; EN_LCD = 1; delay(1); EN_LCD = 0;
 123   1          if(cmd == 0x01) delay(20);
 124   1      }
 125          void lcd_data(unsigned char dat) { LCD = dat; RS = 1; EN_LCD = 1; delay(1); EN_LCD = 0; }
 126          void lcd_init() { lcd_cmd(0x38); lcd_cmd(0x0C); lcd_cmd(0x01); lcd_cmd(0x06); }
 127          void lcd_string(char *str) { while(*str) lcd_data(*str++); }
 128          void delay(unsigned int ms) { unsigned int i, j; for(i=0; i<ms; i++) for(j=0; j<120; j++); }
 129          char keypad_scan() {
 130   1          unsigned char row, col;
 131   1          char key_map[4][4] = {{'1','2','3','A'},{'4','5','6','B'},{'7','8','9','C'},{'*','0','#','D'}};
 132   1          P1 = 0xF0;
 133   1          if(P1 != 0xF0) {
 134   2              for(row=0; row<4; row++) {
 135   3                  P1 = ~(1 << row);
 136   3                  for(col=0; col<4; col++) {
 137   4                      if(!(P1 & (0x10 << col))) {
 138   5                          while(!(P1 & (0x10 << col)));
 139   5                          return key_map[row][col];
 140   5                      }
 141   4                  }
 142   3              }
 143   2          }
 144   1          return 0;
 145   1      }


MODULE INFORMATION:   STATIC OVERLAYABLE
   CODE SIZE        =    760    ----
   CONSTANT SIZE    =    269    ----
   XDATA SIZE       =   ----    ----
   PDATA SIZE       =   ----    ----
   DATA SIZE        =      3      25
   IDATA SIZE       =   ----    ----
   BIT SIZE         =      2    ----
END OF MODULE INFORMATION.


C51 COMPILATION COMPLETE.  0 WARNING(S),  0 ERROR(S)
